<?xml version="1.0" encoding="UTF-8" ?>
<testsuite errors="0" failures="1" hostname="codinlap198" name="TestWhiteBox" skipped="0" tests="9" time="0.13" timestamp="2017-03-08T16:06:29">
  <properties>
[...]
</properties>
  <testcase classname="TestWhiteBox" name="testCalendWB1" time="0.031">
    <failure message="expected:&lt;Sabat[o]&gt; but was:&lt;Sabat[]&gt;" type="junit.framework.AssertionFailedError">junit.framework.AssertionFailedError: expected:&lt;Sabat[o]&gt; but was:&lt;Sabat[]&gt;
	at TestWhiteBox.testCalendWB1(Unknown Source)
</failure>
  </testcase>
  <testcase classname="TestWhiteBox" name="testCalendWB2" time="0.0" />
  <testcase classname="TestWhiteBox" name="testCalendWB3" time="0.0" />
  <testcase classname="TestWhiteBox" name="testCalendWB4" time="0.0" />
  <testcase classname="TestWhiteBox" name="testCalendWB5" time="0.0" />
  <testcase classname="TestWhiteBox" name="testCalendWB6" time="0.0" />
  <testcase classname="TestWhiteBox" name="testCalendWB7" time="0.0" />
  <testcase classname="TestWhiteBox" name="testCalendWB8" time="0.0" />
  <testcase classname="TestWhiteBox" name="testCalendWB9" time="0.0" />
  <system-out><![CDATA[EMMA: collecting runtime coverage data ...
]]></system-out>
  <system-err><![CDATA[]]></system-err>
</testsuite>
